<?xml version="1.0" encoding="UTF-8"?>
<!-- Generated by org.testng.reporters.JUnitXMLReporter -->
<testsuite ignored="2" hostname="DESKTOP-EQ1TCP1" failures="0" tests="1" name="Default test" time="6.8" errors="0" timestamp="2022-02-24T19:03:52 IST">
  <testcase classname="com.bridgelabz.TwitterApiTest" name="delete" time="6.661"/>
  <testcase classname="com.bridgelabz.TwitterApiTest" name="postTweet" time="0.0">
    <ignored/>
  </testcase> <!-- postTweet -->
  <testcase classname="com.bridgelabz.TwitterApiTest" name="retweetTest" time="0.0">
    <ignored/>
  </testcase> <!-- retweetTest -->
</testsuite> <!-- Default test -->
