<?xml version="1.0" encoding="UTF-8"?>
<!-- Generated by org.testng.reporters.JUnitXMLReporter -->
<testsuite ignored="3" hostname="DESKTOP-EQ1TCP1" failures="0" tests="1" name="Default test" time="22.075" errors="0" timestamp="2022-02-21T22:26:08 IST">
  <testcase classname="com.bridgelabz.TestApi" name="getTest" time="20.448"/>
  <testcase classname="com.bridgelabz.TestApi" name="postTest" time="0.0">
    <ignored/>
  </testcase> <!-- postTest -->
  <testcase classname="com.bridgelabz.TestApi" name="putTest" time="0.0">
    <ignored/>
  </testcase> <!-- putTest -->
  <testcase classname="com.bridgelabz.TestApi" name="deleteTest" time="0.0">
    <ignored/>
  </testcase> <!-- deleteTest -->
</testsuite> <!-- Default test -->
