<?xml version="1.0" encoding="UTF-8"?>
<testng-results ignored="2" total="3" passed="1" failed="0" skipped="0">
  <reporter-output>
  </reporter-output>
  <suite started-at="2022-02-24T11:11:06 IST" name="Default suite" finished-at="2022-02-24T11:11:14 IST" duration-ms="8346">
    <groups>
    </groups>
    <test started-at="2022-02-24T11:11:06 IST" name="Default test" finished-at="2022-02-24T11:11:14 IST" duration-ms="8346">
      <class name="com.bridgelabz.TestTwitterApi">
        <test-method signature="delete()[pri:0, instance:com.bridgelabz.TestTwitterApi@670002]" started-at="2022-02-24T11:11:06 IST" name="delete" finished-at="2022-02-24T11:11:14 IST" duration-ms="8206" status="PASS">
          <reporter-output>
          </reporter-output>
        </test-method> <!-- delete -->
      </class> <!-- com.bridgelabz.TestTwitterApi -->
    </test> <!-- Default test -->
  </suite> <!-- Default suite -->
</testng-results>
